<?xml version="1.0" encoding="UTF-8"?>
<!-- Generated by org.testng.reporters.JUnitReportReporter -->
<testsuite hostname="LNDB0009" name="com.qa.akash.Bing_JavaScript.AppTest" tests="1" failures="0" timestamp="3 Jul 2018 12:59:46 GMT" time="5.639" errors="0">
  <testcase name="Test01_translate_test" time="5.639" classname="com.qa.akash.Bing_JavaScript.AppTest"/>
</testsuite> <!-- com.qa.akash.Bing_JavaScript.AppTest -->
