<?xml version="1.0" encoding="UTF-8"?>
<!-- Generated by org.testng.reporters.JUnitReportReporter -->
<testsuite hostname="LNDB0009" name="com.qa.akash.Bing_JavaScript.AppTest" tests="1" failures="0" timestamp="27 Jun 2018 12:25:50 GMT" time="0.039" errors="0">
  <testcase name="click_test" time="0.039" classname="com.qa.akash.Bing_JavaScript.AppTest"/>
</testsuite> <!-- com.qa.akash.Bing_JavaScript.AppTest -->
