<?xml version="1.0" encoding="UTF-8"?>
<!-- Generated by org.testng.reporters.JUnitReportReporter -->
<testsuite hostname="LNDB0009" name="com.qa.akash.Bing_JavaScript.AppTest" tests="3" failures="0" timestamp="28 Jun 2018 12:14:51 GMT" time="2.669" errors="0">
  <testcase name="Test2_cookie_test" time="0.004" classname="com.qa.akash.Bing_JavaScript.AppTest"/>
  <testcase name="Test1_translate_test" time="2.617" classname="com.qa.akash.Bing_JavaScript.AppTest"/>
  <testcase name="Test2_switchtab_test" time="0.048" classname="com.qa.akash.Bing_JavaScript.AppTest"/>
</testsuite> <!-- com.qa.akash.Bing_JavaScript.AppTest -->
